{"/Users/jim/dev/state/lib/subscribe/index.js":{"path":"/Users/jim/dev/state/lib/subscribe/index.js","s":{"1":1,"2":1,"3":1,"4":6,"5":6,"6":6,"7":22,"8":6,"9":6,"10":6,"11":6,"12":6,"13":0,"14":0,"15":6,"16":6,"17":0,"18":6},"b":{"1":[6,0],"2":[6,0],"3":[0,6],"4":[0,6]},"f":{"1":6,"2":22},"fnMap":{"1":{"name":"(anonymous_1)","line":5,"loc":{"start":{"line":5,"column":17},"end":{"line":5,"column":62}}},"2":{"name":"(anonymous_2)","line":7,"loc":{"start":{"line":7,"column":28},"end":{"line":7,"column":51}}}},"statementMap":{"1":{"start":{"line":2,"column":0},"end":{"line":2,"column":38}},"2":{"start":{"line":3,"column":0},"end":{"line":3,"column":30}},"3":{"start":{"line":5,"column":0},"end":{"line":22,"column":1}},"4":{"start":{"line":6,"column":2},"end":{"line":6,"column":26}},"5":{"start":{"line":6,"column":15},"end":{"line":6,"column":25}},"6":{"start":{"line":7,"column":2},"end":{"line":9,"column":4}},"7":{"start":{"line":8,"column":4},"end":{"line":8,"column":55}},"8":{"start":{"line":10,"column":2},"end":{"line":10,"column":30}},"9":{"start":{"line":11,"column":2},"end":{"line":11,"column":13}},"10":{"start":{"line":12,"column":2},"end":{"line":14,"column":3}},"11":{"start":{"line":13,"column":4},"end":{"line":13,"column":26}},"12":{"start":{"line":15,"column":2},"end":{"line":18,"column":3}},"13":{"start":{"line":16,"column":4},"end":{"line":16,"column":27}},"14":{"start":{"line":17,"column":4},"end":{"line":17,"column":18}},"15":{"start":{"line":19,"column":2},"end":{"line":19,"column":53}},"16":{"start":{"line":20,"column":2},"end":{"line":20,"column":38}},"17":{"start":{"line":20,"column":17},"end":{"line":20,"column":37}},"18":{"start":{"line":21,"column":2},"end":{"line":21,"column":13}}},"branchMap":{"1":{"line":6,"type":"if","locations":[{"start":{"line":6,"column":2},"end":{"line":6,"column":2}},{"start":{"line":6,"column":2},"end":{"line":6,"column":2}}]},"2":{"line":12,"type":"if","locations":[{"start":{"line":12,"column":2},"end":{"line":12,"column":2}},{"start":{"line":12,"column":2},"end":{"line":12,"column":2}}]},"3":{"line":15,"type":"if","locations":[{"start":{"line":15,"column":2},"end":{"line":15,"column":2}},{"start":{"line":15,"column":2},"end":{"line":15,"column":2}}]},"4":{"line":20,"type":"if","locations":[{"start":{"line":20,"column":2},"end":{"line":20,"column":2}},{"start":{"line":20,"column":2},"end":{"line":20,"column":2}}]}}},"/Users/jim/dev/state/lib/subscribe/diff.js":{"path":"/Users/jim/dev/state/lib/subscribe/diff.js","s":{"1":1,"2":1,"3":83,"4":119,"5":1},"b":{},"f":{"1":83},"fnMap":{"1":{"name":"diff","line":4,"loc":{"start":{"line":4,"column":17},"end":{"line":4,"column":88}}}},"statementMap":{"1":{"start":{"line":2,"column":0},"end":{"line":2,"column":8}},"2":{"start":{"line":4,"column":0},"end":{"line":8,"column":1}},"3":{"start":{"line":5,"column":2},"end":{"line":7,"column":3}},"4":{"start":{"line":6,"column":4},"end":{"line":6,"column":80}},"5":{"start":{"line":11,"column":0},"end":{"line":11,"column":24}}},"branchMap":{}},"/Users/jim/dev/state/lib/subscribe/item.js":{"path":"/Users/jim/dev/state/lib/subscribe/item.js","s":{"1":1,"2":1,"3":157,"4":142,"5":12,"6":130,"7":17,"8":113,"9":26,"10":87,"11":1,"12":1,"13":1,"14":1},"b":{"1":[142,15],"2":[157,147,142],"3":[12,130],"4":[17,113],"5":[26,87]},"f":{"1":157},"fnMap":{"1":{"name":"item","line":4,"loc":{"start":{"line":4,"column":17},"end":{"line":4,"column":100}}}},"statementMap":{"1":{"start":{"line":2,"column":0},"end":{"line":2,"column":34}},"2":{"start":{"line":4,"column":0},"end":{"line":16,"column":1}},"3":{"start":{"line":5,"column":2},"end":{"line":15,"column":3}},"4":{"start":{"line":6,"column":4},"end":{"line":14,"column":5}},"5":{"start":{"line":7,"column":6},"end":{"line":7,"column":66}},"6":{"start":{"line":8,"column":11},"end":{"line":14,"column":5}},"7":{"start":{"line":9,"column":6},"end":{"line":9,"column":79}},"8":{"start":{"line":10,"column":11},"end":{"line":14,"column":5}},"9":{"start":{"line":11,"column":6},"end":{"line":11,"column":72}},"10":{"start":{"line":13,"column":6},"end":{"line":13,"column":80}},"11":{"start":{"line":19,"column":0},"end":{"line":19,"column":24}},"12":{"start":{"line":20,"column":0},"end":{"line":20,"column":36}},"13":{"start":{"line":21,"column":0},"end":{"line":21,"column":28}},"14":{"start":{"line":22,"column":0},"end":{"line":22,"column":24}}},"branchMap":{"1":{"line":5,"type":"if","locations":[{"start":{"line":5,"column":2},"end":{"line":5,"column":2}},{"start":{"line":5,"column":2},"end":{"line":5,"column":2}}]},"2":{"line":5,"type":"binary-expr","locations":[{"start":{"line":5,"column":6},"end":{"line":5,"column":19}},{"start":{"line":5,"column":23},"end":{"line":5,"column":34}},{"start":{"line":5,"column":38},"end":{"line":5,"column":49}}]},"3":{"line":6,"type":"if","locations":[{"start":{"line":6,"column":4},"end":{"line":6,"column":4}},{"start":{"line":6,"column":4},"end":{"line":6,"column":4}}]},"4":{"line":8,"type":"if","locations":[{"start":{"line":8,"column":11},"end":{"line":8,"column":11}},{"start":{"line":8,"column":11},"end":{"line":8,"column":11}}]},"5":{"line":10,"type":"if","locations":[{"start":{"line":10,"column":11},"end":{"line":10,"column":11}},{"start":{"line":10,"column":11},"end":{"line":10,"column":11}}]}}},"/Users/jim/dev/state/lib/subscribe/leaf.js":{"path":"/Users/jim/dev/state/lib/subscribe/leaf.js","s":{"1":1,"2":1,"3":1,"4":1,"5":1,"6":1,"7":26,"8":26,"9":26,"10":21,"11":21,"12":8,"13":8,"14":8,"15":13,"16":9,"17":9,"18":9,"19":5,"20":3,"21":3,"22":3},"b":{"1":[21,5],"2":[26,24],"3":[8,13],"4":[8,0],"5":[9,4],"6":[13,8],"7":[9,0],"8":[3,2],"9":[3,0]},"f":{"1":26},"fnMap":{"1":{"name":"leaf","line":8,"loc":{"start":{"line":8,"column":17},"end":{"line":8,"column":93}}}},"statementMap":{"1":{"start":{"line":2,"column":0},"end":{"line":2,"column":40}},"2":{"start":{"line":3,"column":0},"end":{"line":3,"column":33}},"3":{"start":{"line":4,"column":0},"end":{"line":4,"column":24}},"4":{"start":{"line":5,"column":0},"end":{"line":5,"column":28}},"5":{"start":{"line":6,"column":0},"end":{"line":6,"column":28}},"6":{"start":{"line":8,"column":0},"end":{"line":30,"column":1}},"7":{"start":{"line":9,"column":2},"end":{"line":9,"column":29}},"8":{"start":{"line":10,"column":2},"end":{"line":10,"column":25}},"9":{"start":{"line":11,"column":2},"end":{"line":29,"column":3}},"10":{"start":{"line":12,"column":4},"end":{"line":12,"column":74}},"11":{"start":{"line":13,"column":4},"end":{"line":23,"column":5}},"12":{"start":{"line":14,"column":6},"end":{"line":14,"column":27}},"13":{"start":{"line":15,"column":6},"end":{"line":17,"column":7}},"14":{"start":{"line":16,"column":8},"end":{"line":16,"column":55}},"15":{"start":{"line":18,"column":11},"end":{"line":23,"column":5}},"16":{"start":{"line":19,"column":6},"end":{"line":19,"column":27}},"17":{"start":{"line":20,"column":6},"end":{"line":22,"column":7}},"18":{"start":{"line":21,"column":8},"end":{"line":21,"column":57}},"19":{"start":{"line":24,"column":9},"end":{"line":29,"column":3}},"20":{"start":{"line":25,"column":4},"end":{"line":27,"column":5}},"21":{"start":{"line":26,"column":6},"end":{"line":26,"column":55}},"22":{"start":{"line":28,"column":4},"end":{"line":28,"column":20}}},"branchMap":{"1":{"line":11,"type":"if","locations":[{"start":{"line":11,"column":2},"end":{"line":11,"column":2}},{"start":{"line":11,"column":2},"end":{"line":11,"column":2}}]},"2":{"line":11,"type":"binary-expr","locations":[{"start":{"line":11,"column":6},"end":{"line":11,"column":15}},{"start":{"line":11,"column":19},"end":{"line":11,"column":41}}]},"3":{"line":13,"type":"if","locations":[{"start":{"line":13,"column":4},"end":{"line":13,"column":4}},{"start":{"line":13,"column":4},"end":{"line":13,"column":4}}]},"4":{"line":15,"type":"if","locations":[{"start":{"line":15,"column":6},"end":{"line":15,"column":6}},{"start":{"line":15,"column":6},"end":{"line":15,"column":6}}]},"5":{"line":18,"type":"if","locations":[{"start":{"line":18,"column":11},"end":{"line":18,"column":11}},{"start":{"line":18,"column":11},"end":{"line":18,"column":11}}]},"6":{"line":18,"type":"binary-expr","locations":[{"start":{"line":18,"column":16},"end":{"line":18,"column":21}},{"start":{"line":18,"column":25},"end":{"line":18,"column":32}}]},"7":{"line":20,"type":"if","locations":[{"start":{"line":20,"column":6},"end":{"line":20,"column":6}},{"start":{"line":20,"column":6},"end":{"line":20,"column":6}}]},"8":{"line":24,"type":"if","locations":[{"start":{"line":24,"column":9},"end":{"line":24,"column":9}},{"start":{"line":24,"column":9},"end":{"line":24,"column":9}}]},"9":{"line":25,"type":"if","locations":[{"start":{"line":25,"column":4},"end":{"line":25,"column":4}},{"start":{"line":25,"column":4},"end":{"line":25,"column":4}}]}}},"/Users/jim/dev/state/lib/subscribe/stamp.js":{"path":"/Users/jim/dev/state/lib/subscribe/stamp.js","s":{"1":1,"2":1,"3":96,"4":96,"5":73,"6":12,"7":73,"8":73,"9":8,"10":96,"11":1,"12":75,"13":10,"14":9,"15":9,"16":9,"17":22,"18":12,"19":12,"20":12,"21":12,"22":2,"23":2,"24":2,"25":0,"26":2,"27":9,"28":2,"29":7,"30":0,"31":9,"32":1},"b":{"1":[73,23],"2":[12,61],"3":[73,13],"4":[8,65],"5":[10,65],"6":[9,1],"7":[12,10],"8":[22,13],"9":[12,0],"10":[2,10],"11":[2,0],"12":[0,2],"13":[2,7],"14":[0,7],"15":[1,1]},"f":{"1":96,"2":75},"fnMap":{"1":{"name":"generateStamp","line":4,"loc":{"start":{"line":4,"column":17},"end":{"line":4,"column":76}}},"2":{"name":"computeComposite","line":18,"loc":{"start":{"line":18,"column":0},"end":{"line":18,"column":62}}}},"statementMap":{"1":{"start":{"line":2,"column":0},"end":{"line":2,"column":45}},"2":{"start":{"line":4,"column":0},"end":{"line":16,"column":1}},"3":{"start":{"line":5,"column":2},"end":{"line":5,"column":29}},"4":{"start":{"line":6,"column":2},"end":{"line":14,"column":3}},"5":{"start":{"line":7,"column":4},"end":{"line":9,"column":5}},"6":{"start":{"line":8,"column":6},"end":{"line":8,"column":25}},"7":{"start":{"line":10,"column":4},"end":{"line":10,"column":68}},"8":{"start":{"line":11,"column":4},"end":{"line":13,"column":5}},"9":{"start":{"line":12,"column":6},"end":{"line":12,"column":22}},"10":{"start":{"line":15,"column":2},"end":{"line":15,"column":15}},"11":{"start":{"line":18,"column":0},"end":{"line":51,"column":1}},"12":{"start":{"line":19,"column":2},"end":{"line":50,"column":3}},"13":{"start":{"line":20,"column":4},"end":{"line":49,"column":5}},"14":{"start":{"line":21,"column":6},"end":{"line":21,"column":16}},"15":{"start":{"line":22,"column":6},"end":{"line":22,"column":23}},"16":{"start":{"line":23,"column":6},"end":{"line":40,"column":7}},"17":{"start":{"line":24,"column":8},"end":{"line":39,"column":9}},"18":{"start":{"line":25,"column":10},"end":{"line":25,"column":31}},"19":{"start":{"line":26,"column":10},"end":{"line":28,"column":11}},"20":{"start":{"line":27,"column":12},"end":{"line":27,"column":76}},"21":{"start":{"line":29,"column":10},"end":{"line":38,"column":11}},"22":{"start":{"line":30,"column":12},"end":{"line":30,"column":86}},"23":{"start":{"line":31,"column":12},"end":{"line":37,"column":13}},"24":{"start":{"line":32,"column":14},"end":{"line":36,"column":15}},"25":{"start":{"line":33,"column":16},"end":{"line":33,"column":30}},"26":{"start":{"line":35,"column":16},"end":{"line":35,"column":31}},"27":{"start":{"line":41,"column":6},"end":{"line":45,"column":7}},"28":{"start":{"line":42,"column":8},"end":{"line":42,"column":26}},"29":{"start":{"line":43,"column":13},"end":{"line":45,"column":7}},"30":{"start":{"line":44,"column":8},"end":{"line":44,"column":27}},"31":{"start":{"line":46,"column":6},"end":{"line":46,"column":18}},"32":{"start":{"line":48,"column":6},"end":{"line":48,"column":36}}},"branchMap":{"1":{"line":6,"type":"if","locations":[{"start":{"line":6,"column":2},"end":{"line":6,"column":2}},{"start":{"line":6,"column":2},"end":{"line":6,"column":2}}]},"2":{"line":7,"type":"if","locations":[{"start":{"line":7,"column":4},"end":{"line":7,"column":4}},{"start":{"line":7,"column":4},"end":{"line":7,"column":4}}]},"3":{"line":7,"type":"binary-expr","locations":[{"start":{"line":7,"column":8},"end":{"line":7,"column":15}},{"start":{"line":7,"column":19},"end":{"line":7,"column":28}}]},"4":{"line":11,"type":"if","locations":[{"start":{"line":11,"column":4},"end":{"line":11,"column":4}},{"start":{"line":11,"column":4},"end":{"line":11,"column":4}}]},"5":{"line":19,"type":"if","locations":[{"start":{"line":19,"column":2},"end":{"line":19,"column":2}},{"start":{"line":19,"column":2},"end":{"line":19,"column":2}}]},"6":{"line":20,"type":"if","locations":[{"start":{"line":20,"column":4},"end":{"line":20,"column":4}},{"start":{"line":20,"column":4},"end":{"line":20,"column":4}}]},"7":{"line":24,"type":"if","locations":[{"start":{"line":24,"column":8},"end":{"line":24,"column":8}},{"start":{"line":24,"column":8},"end":{"line":24,"column":8}}]},"8":{"line":24,"type":"binary-expr","locations":[{"start":{"line":24,"column":12},"end":{"line":24,"column":23}},{"start":{"line":24,"column":27},"end":{"line":24,"column":39}}]},"9":{"line":26,"type":"if","locations":[{"start":{"line":26,"column":10},"end":{"line":26,"column":10}},{"start":{"line":26,"column":10},"end":{"line":26,"column":10}}]},"10":{"line":29,"type":"if","locations":[{"start":{"line":29,"column":10},"end":{"line":29,"column":10}},{"start":{"line":29,"column":10},"end":{"line":29,"column":10}}]},"11":{"line":31,"type":"if","locations":[{"start":{"line":31,"column":12},"end":{"line":31,"column":12}},{"start":{"line":31,"column":12},"end":{"line":31,"column":12}}]},"12":{"line":32,"type":"if","locations":[{"start":{"line":32,"column":14},"end":{"line":32,"column":14}},{"start":{"line":32,"column":14},"end":{"line":32,"column":14}}]},"13":{"line":41,"type":"if","locations":[{"start":{"line":41,"column":6},"end":{"line":41,"column":6}},{"start":{"line":41,"column":6},"end":{"line":41,"column":6}}]},"14":{"line":43,"type":"if","locations":[{"start":{"line":43,"column":13},"end":{"line":43,"column":13}},{"start":{"line":43,"column":13},"end":{"line":43,"column":13}}]},"15":{"line":48,"type":"binary-expr","locations":[{"start":{"line":48,"column":13},"end":{"line":48,"column":23}},{"start":{"line":48,"column":27},"end":{"line":48,"column":36}}]}}},"/Users/jim/dev/state/lib/subscribe/root/compute.js":{"path":"/Users/jim/dev/state/lib/subscribe/root/compute.js","s":{"1":1,"2":1,"3":15,"4":15,"5":15,"6":14,"7":11,"8":3,"9":15},"b":{"1":[14,1],"2":[11,3]},"f":{"1":15},"fnMap":{"1":{"name":"computeRoot","line":4,"loc":{"start":{"line":4,"column":17},"end":{"line":4,"column":83}}}},"statementMap":{"1":{"start":{"line":2,"column":0},"end":{"line":2,"column":36}},"2":{"start":{"line":4,"column":0},"end":{"line":15,"column":1}},"3":{"start":{"line":5,"column":2},"end":{"line":5,"column":32}},"4":{"start":{"line":6,"column":2},"end":{"line":6,"column":61}},"5":{"start":{"line":7,"column":2},"end":{"line":13,"column":3}},"6":{"start":{"line":8,"column":4},"end":{"line":12,"column":5}},"7":{"start":{"line":9,"column":6},"end":{"line":9,"column":21}},"8":{"start":{"line":11,"column":6},"end":{"line":11,"column":22}},"9":{"start":{"line":14,"column":2},"end":{"line":14,"column":15}}},"branchMap":{"1":{"line":7,"type":"if","locations":[{"start":{"line":7,"column":2},"end":{"line":7,"column":2}},{"start":{"line":7,"column":2},"end":{"line":7,"column":2}}]},"2":{"line":8,"type":"if","locations":[{"start":{"line":8,"column":4},"end":{"line":8,"column":4}},{"start":{"line":8,"column":4},"end":{"line":8,"column":4}}]}}},"/Users/jim/dev/state/lib/subscribe/root/stamp.js":{"path":"/Users/jim/dev/state/lib/subscribe/root/stamp.js","s":{"1":1,"2":1,"3":15,"4":15,"5":15,"6":26,"7":15,"8":15,"9":14,"10":14,"11":0,"12":15,"13":14,"14":14,"15":1,"16":7},"b":{"1":[15,11],"2":[15,4],"3":[14,1],"4":[14,0],"5":[14,1]},"f":{"1":15,"2":7},"fnMap":{"1":{"name":"rootStamp","line":4,"loc":{"start":{"line":4,"column":17},"end":{"line":4,"column":72}}},"2":{"name":"updateStamp","line":25,"loc":{"start":{"line":25,"column":0},"end":{"line":25,"column":47}}}},"statementMap":{"1":{"start":{"line":2,"column":0},"end":{"line":2,"column":31}},"2":{"start":{"line":4,"column":0},"end":{"line":23,"column":1}},"3":{"start":{"line":5,"column":2},"end":{"line":5,"column":20}},"4":{"start":{"line":6,"column":2},"end":{"line":6,"column":12}},"5":{"start":{"line":7,"column":2},"end":{"line":18,"column":3}},"6":{"start":{"line":8,"column":4},"end":{"line":17,"column":5}},"7":{"start":{"line":9,"column":6},"end":{"line":9,"column":102}},"8":{"start":{"line":10,"column":6},"end":{"line":16,"column":7}},"9":{"start":{"line":11,"column":8},"end":{"line":15,"column":9}},"10":{"start":{"line":12,"column":10},"end":{"line":12,"column":31}},"11":{"start":{"line":14,"column":10},"end":{"line":14,"column":32}},"12":{"start":{"line":19,"column":2},"end":{"line":22,"column":3}},"13":{"start":{"line":20,"column":4},"end":{"line":20,"column":19}},"14":{"start":{"line":21,"column":4},"end":{"line":21,"column":17}},"15":{"start":{"line":25,"column":0},"end":{"line":27,"column":1}},"16":{"start":{"line":26,"column":2},"end":{"line":26,"column":17}}},"branchMap":{"1":{"line":8,"type":"if","locations":[{"start":{"line":8,"column":4},"end":{"line":8,"column":4}},{"start":{"line":8,"column":4},"end":{"line":8,"column":4}}]},"2":{"line":9,"type":"binary-expr","locations":[{"start":{"line":9,"column":84},"end":{"line":9,"column":93}},{"start":{"line":9,"column":97},"end":{"line":9,"column":101}}]},"3":{"line":10,"type":"if","locations":[{"start":{"line":10,"column":6},"end":{"line":10,"column":6}},{"start":{"line":10,"column":6},"end":{"line":10,"column":6}}]},"4":{"line":11,"type":"if","locations":[{"start":{"line":11,"column":8},"end":{"line":11,"column":8}},{"start":{"line":11,"column":8},"end":{"line":11,"column":8}}]},"5":{"line":19,"type":"if","locations":[{"start":{"line":19,"column":2},"end":{"line":19,"column":2}},{"start":{"line":19,"column":2},"end":{"line":19,"column":2}}]}}},"/Users/jim/dev/state/lib/subscribe/const.js":{"path":"/Users/jim/dev/state/lib/subscribe/const.js","s":{"1":1,"2":1,"3":1,"4":1},"b":{},"f":{},"fnMap":{},"statementMap":{"1":{"start":{"line":2,"column":0},"end":{"line":2,"column":20}},"2":{"start":{"line":3,"column":0},"end":{"line":3,"column":25}},"3":{"start":{"line":4,"column":0},"end":{"line":4,"column":25}},"4":{"start":{"line":5,"column":0},"end":{"line":5,"column":21}}},"branchMap":{}},"/Users/jim/dev/state/lib/subscribe/collection.js":{"path":"/Users/jim/dev/state/lib/subscribe/collection.js","s":{"1":1,"2":1,"3":1,"4":17,"5":16,"6":16,"7":13,"8":23,"9":1,"10":1},"b":{"1":[16,1],"2":[17,17],"3":[16,8],"4":[13,3],"5":[1,0],"6":[1,1]},"f":{"1":17},"fnMap":{"1":{"name":"collection","line":4,"loc":{"start":{"line":4,"column":17},"end":{"line":4,"column":101}}}},"statementMap":{"1":{"start":{"line":2,"column":0},"end":{"line":2,"column":40}},"2":{"start":{"line":3,"column":0},"end":{"line":3,"column":30}},"3":{"start":{"line":4,"column":0},"end":{"line":15,"column":1}},"4":{"start":{"line":5,"column":2},"end":{"line":14,"column":3}},"5":{"start":{"line":6,"column":4},"end":{"line":6,"column":44}},"6":{"start":{"line":7,"column":4},"end":{"line":11,"column":5}},"7":{"start":{"line":8,"column":6},"end":{"line":10,"column":7}},"8":{"start":{"line":9,"column":8},"end":{"line":9,"column":84}},"9":{"start":{"line":12,"column":9},"end":{"line":14,"column":3}},"10":{"start":{"line":13,"column":4},"end":{"line":13,"column":50}}},"branchMap":{"1":{"line":5,"type":"if","locations":[{"start":{"line":5,"column":2},"end":{"line":5,"column":2}},{"start":{"line":5,"column":2},"end":{"line":5,"column":2}}]},"2":{"line":5,"type":"binary-expr","locations":[{"start":{"line":5,"column":6},"end":{"line":5,"column":12}},{"start":{"line":5,"column":16},"end":{"line":5,"column":35}}]},"3":{"line":6,"type":"binary-expr","locations":[{"start":{"line":6,"column":15},"end":{"line":6,"column":27}},{"start":{"line":6,"column":31},"end":{"line":6,"column":44}}]},"4":{"line":7,"type":"if","locations":[{"start":{"line":7,"column":4},"end":{"line":7,"column":4}},{"start":{"line":7,"column":4},"end":{"line":7,"column":4}}]},"5":{"line":12,"type":"if","locations":[{"start":{"line":12,"column":9},"end":{"line":12,"column":9}},{"start":{"line":12,"column":9},"end":{"line":12,"column":9}}]},"6":{"line":12,"type":"binary-expr","locations":[{"start":{"line":12,"column":13},"end":{"line":12,"column":17}},{"start":{"line":12,"column":21},"end":{"line":12,"column":27}}]}}},"/Users/jim/dev/state/lib/subscribe/struct.js":{"path":"/Users/jim/dev/state/lib/subscribe/struct.js","s":{"1":1,"2":1,"3":1,"4":1,"5":1,"6":1,"7":1,"8":87,"9":87,"10":87,"11":72,"12":72,"13":15,"14":15,"15":0,"16":15,"17":15,"18":4,"19":15,"20":57,"21":33,"22":33,"23":2,"24":33,"25":15,"26":7,"27":7,"28":7,"29":2,"30":7,"31":2,"32":7},"b":{"1":[72,15],"2":[87,80],"3":[15,57],"4":[0,15],"5":[4,11],"6":[15,4],"7":[33,24],"8":[57,42],"9":[2,31],"10":[33,2],"11":[7,8],"12":[7,0],"13":[7,7],"14":[2,5],"15":[7,7],"16":[2,5],"17":[7,2]},"f":{"1":87},"fnMap":{"1":{"name":"struct","line":9,"loc":{"start":{"line":9,"column":17},"end":{"line":9,"column":102}}}},"statementMap":{"1":{"start":{"line":2,"column":0},"end":{"line":2,"column":40}},"2":{"start":{"line":3,"column":0},"end":{"line":3,"column":33}},"3":{"start":{"line":4,"column":0},"end":{"line":4,"column":24}},"4":{"start":{"line":5,"column":0},"end":{"line":5,"column":28}},"5":{"start":{"line":6,"column":0},"end":{"line":6,"column":28}},"6":{"start":{"line":7,"column":0},"end":{"line":7,"column":30}},"7":{"start":{"line":9,"column":0},"end":{"line":47,"column":1}},"8":{"start":{"line":10,"column":2},"end":{"line":10,"column":29}},"9":{"start":{"line":11,"column":2},"end":{"line":11,"column":25}},"10":{"start":{"line":12,"column":2},"end":{"line":46,"column":3}},"11":{"start":{"line":13,"column":4},"end":{"line":13,"column":74}},"12":{"start":{"line":14,"column":4},"end":{"line":34,"column":5}},"13":{"start":{"line":15,"column":6},"end":{"line":15,"column":44}},"14":{"start":{"line":18,"column":6},"end":{"line":20,"column":7}},"15":{"start":{"line":19,"column":8},"end":{"line":19,"column":30}},"16":{"start":{"line":23,"column":6},"end":{"line":23,"column":27}},"17":{"start":{"line":24,"column":6},"end":{"line":26,"column":7}},"18":{"start":{"line":25,"column":8},"end":{"line":25,"column":64}},"19":{"start":{"line":27,"column":6},"end":{"line":27,"column":72}},"20":{"start":{"line":28,"column":11},"end":{"line":34,"column":5}},"21":{"start":{"line":29,"column":6},"end":{"line":29,"column":27}},"22":{"start":{"line":30,"column":6},"end":{"line":32,"column":7}},"23":{"start":{"line":31,"column":8},"end":{"line":31,"column":66}},"24":{"start":{"line":33,"column":6},"end":{"line":33,"column":74}},"25":{"start":{"line":35,"column":9},"end":{"line":46,"column":3}},"26":{"start":{"line":36,"column":4},"end":{"line":38,"column":5}},"27":{"start":{"line":37,"column":6},"end":{"line":37,"column":72}},"28":{"start":{"line":39,"column":4},"end":{"line":41,"column":5}},"29":{"start":{"line":40,"column":6},"end":{"line":40,"column":64}},"30":{"start":{"line":42,"column":4},"end":{"line":44,"column":5}},"31":{"start":{"line":43,"column":6},"end":{"line":43,"column":25}},"32":{"start":{"line":45,"column":4},"end":{"line":45,"column":20}}},"branchMap":{"1":{"line":12,"type":"if","locations":[{"start":{"line":12,"column":2},"end":{"line":12,"column":2}},{"start":{"line":12,"column":2},"end":{"line":12,"column":2}}]},"2":{"line":12,"type":"binary-expr","locations":[{"start":{"line":12,"column":6},"end":{"line":12,"column":15}},{"start":{"line":12,"column":19},"end":{"line":12,"column":41}}]},"3":{"line":14,"type":"if","locations":[{"start":{"line":14,"column":4},"end":{"line":14,"column":4}},{"start":{"line":14,"column":4},"end":{"line":14,"column":4}}]},"4":{"line":18,"type":"if","locations":[{"start":{"line":18,"column":6},"end":{"line":18,"column":6}},{"start":{"line":18,"column":6},"end":{"line":18,"column":6}}]},"5":{"line":24,"type":"if","locations":[{"start":{"line":24,"column":6},"end":{"line":24,"column":6}},{"start":{"line":24,"column":6},"end":{"line":24,"column":6}}]},"6":{"line":24,"type":"binary-expr","locations":[{"start":{"line":24,"column":11},"end":{"line":24,"column":19}},{"start":{"line":24,"column":24},"end":{"line":24,"column":30}}]},"7":{"line":28,"type":"if","locations":[{"start":{"line":28,"column":11},"end":{"line":28,"column":11}},{"start":{"line":28,"column":11},"end":{"line":28,"column":11}}]},"8":{"line":28,"type":"binary-expr","locations":[{"start":{"line":28,"column":16},"end":{"line":28,"column":21}},{"start":{"line":28,"column":25},"end":{"line":28,"column":34}}]},"9":{"line":30,"type":"if","locations":[{"start":{"line":30,"column":6},"end":{"line":30,"column":6}},{"start":{"line":30,"column":6},"end":{"line":30,"column":6}}]},"10":{"line":30,"type":"binary-expr","locations":[{"start":{"line":30,"column":10},"end":{"line":30,"column":27}},{"start":{"line":30,"column":31},"end":{"line":30,"column":37}}]},"11":{"line":35,"type":"if","locations":[{"start":{"line":35,"column":9},"end":{"line":35,"column":9}},{"start":{"line":35,"column":9},"end":{"line":35,"column":9}}]},"12":{"line":36,"type":"if","locations":[{"start":{"line":36,"column":4},"end":{"line":36,"column":4}},{"start":{"line":36,"column":4},"end":{"line":36,"column":4}}]},"13":{"line":36,"type":"binary-expr","locations":[{"start":{"line":36,"column":8},"end":{"line":36,"column":17}},{"start":{"line":36,"column":21},"end":{"line":36,"column":43}}]},"14":{"line":39,"type":"if","locations":[{"start":{"line":39,"column":4},"end":{"line":39,"column":4}},{"start":{"line":39,"column":4},"end":{"line":39,"column":4}}]},"15":{"line":39,"type":"binary-expr","locations":[{"start":{"line":39,"column":8},"end":{"line":39,"column":14}},{"start":{"line":39,"column":18},"end":{"line":39,"column":26}}]},"16":{"line":42,"type":"if","locations":[{"start":{"line":42,"column":4},"end":{"line":42,"column":4}},{"start":{"line":42,"column":4},"end":{"line":42,"column":4}}]},"17":{"line":42,"type":"binary-expr","locations":[{"start":{"line":42,"column":8},"end":{"line":42,"column":15}},{"start":{"line":42,"column":19},"end":{"line":42,"column":31}}]}}},"/Users/jim/dev/state/lib/subscribe/root/index.js":{"path":"/Users/jim/dev/state/lib/subscribe/root/index.js","s":{"1":1,"2":1,"3":1,"4":1,"5":1,"6":1,"7":1,"8":1,"9":12,"10":3,"11":3,"12":3,"13":3,"14":3,"15":3,"16":3,"17":1,"18":3,"19":0,"20":3,"21":3,"22":3,"23":3,"24":2,"25":9,"26":5},"b":{"1":[3,9],"2":[3,0],"3":[1,2],"4":[3,1],"5":[0,3],"6":[2,1],"7":[3,3],"8":[5,4],"9":[9,9]},"f":{"1":12},"fnMap":{"1":{"name":"root","line":10,"loc":{"start":{"line":10,"column":17},"end":{"line":10,"column":88}}}},"statementMap":{"1":{"start":{"line":2,"column":0},"end":{"line":2,"column":40}},"2":{"start":{"line":3,"column":0},"end":{"line":3,"column":36}},"3":{"start":{"line":4,"column":0},"end":{"line":4,"column":41}},"4":{"start":{"line":5,"column":0},"end":{"line":5,"column":34}},"5":{"start":{"line":6,"column":0},"end":{"line":6,"column":24}},"6":{"start":{"line":7,"column":0},"end":{"line":7,"column":28}},"7":{"start":{"line":8,"column":0},"end":{"line":8,"column":24}},"8":{"start":{"line":10,"column":0},"end":{"line":35,"column":1}},"9":{"start":{"line":11,"column":2},"end":{"line":34,"column":3}},"10":{"start":{"line":12,"column":4},"end":{"line":12,"column":18}},"11":{"start":{"line":13,"column":4},"end":{"line":13,"column":34}},"12":{"start":{"line":14,"column":4},"end":{"line":25,"column":5}},"13":{"start":{"line":15,"column":6},"end":{"line":15,"column":34}},"14":{"start":{"line":16,"column":6},"end":{"line":24,"column":7}},"15":{"start":{"line":17,"column":8},"end":{"line":17,"column":32}},"16":{"start":{"line":18,"column":8},"end":{"line":20,"column":9}},"17":{"start":{"line":19,"column":10},"end":{"line":19,"column":46}},"18":{"start":{"line":21,"column":8},"end":{"line":23,"column":9}},"19":{"start":{"line":22,"column":10},"end":{"line":22,"column":39}},"20":{"start":{"line":26,"column":4},"end":{"line":26,"column":62}},"21":{"start":{"line":27,"column":4},"end":{"line":27,"column":46}},"22":{"start":{"line":28,"column":4},"end":{"line":28,"column":61}},"23":{"start":{"line":29,"column":4},"end":{"line":31,"column":5}},"24":{"start":{"line":30,"column":6},"end":{"line":30,"column":51}},"25":{"start":{"line":32,"column":9},"end":{"line":34,"column":3}},"26":{"start":{"line":33,"column":4},"end":{"line":33,"column":51}}},"branchMap":{"1":{"line":11,"type":"if","locations":[{"start":{"line":11,"column":2},"end":{"line":11,"column":2}},{"start":{"line":11,"column":2},"end":{"line":11,"column":2}}]},"2":{"line":16,"type":"if","locations":[{"start":{"line":16,"column":6},"end":{"line":16,"column":6}},{"start":{"line":16,"column":6},"end":{"line":16,"column":6}}]},"3":{"line":18,"type":"if","locations":[{"start":{"line":18,"column":8},"end":{"line":18,"column":8}},{"start":{"line":18,"column":8},"end":{"line":18,"column":8}}]},"4":{"line":18,"type":"binary-expr","locations":[{"start":{"line":18,"column":12},"end":{"line":18,"column":29}},{"start":{"line":18,"column":33},"end":{"line":18,"column":46}}]},"5":{"line":21,"type":"if","locations":[{"start":{"line":21,"column":8},"end":{"line":21,"column":8}},{"start":{"line":21,"column":8},"end":{"line":21,"column":8}}]},"6":{"line":29,"type":"if","locations":[{"start":{"line":29,"column":4},"end":{"line":29,"column":4}},{"start":{"line":29,"column":4},"end":{"line":29,"column":4}}]},"7":{"line":29,"type":"binary-expr","locations":[{"start":{"line":29,"column":8},"end":{"line":29,"column":14}},{"start":{"line":29,"column":18},"end":{"line":29,"column":27}}]},"8":{"line":32,"type":"if","locations":[{"start":{"line":32,"column":9},"end":{"line":32,"column":9}},{"start":{"line":32,"column":9},"end":{"line":32,"column":9}}]},"9":{"line":32,"type":"binary-expr","locations":[{"start":{"line":32,"column":13},"end":{"line":32,"column":19}},{"start":{"line":32,"column":23},"end":{"line":32,"column":42}}]}}},"/Users/jim/dev/state/lib/subscribe/root/composite.js":{"path":"/Users/jim/dev/state/lib/subscribe/root/composite.js","s":{"1":1,"2":3,"3":3,"4":3,"5":3,"6":4,"7":2,"8":4,"9":4,"10":1,"11":0,"12":3,"13":4,"14":4},"b":{"1":[2,2],"2":[1,3],"3":[0,1]},"f":{"1":3},"fnMap":{"1":{"name":"compositeRoot","line":2,"loc":{"start":{"line":2,"column":17},"end":{"line":2,"column":90}}}},"statementMap":{"1":{"start":{"line":2,"column":0},"end":{"line":22,"column":1}},"2":{"start":{"line":4,"column":2},"end":{"line":4,"column":41}},"3":{"start":{"line":5,"column":2},"end":{"line":5,"column":30}},"4":{"start":{"line":6,"column":2},"end":{"line":6,"column":36}},"5":{"start":{"line":7,"column":2},"end":{"line":21,"column":3}},"6":{"start":{"line":8,"column":4},"end":{"line":10,"column":5}},"7":{"start":{"line":9,"column":6},"end":{"line":9,"column":21}},"8":{"start":{"line":11,"column":4},"end":{"line":11,"column":26}},"9":{"start":{"line":12,"column":4},"end":{"line":18,"column":5}},"10":{"start":{"line":13,"column":6},"end":{"line":15,"column":7}},"11":{"start":{"line":14,"column":8},"end":{"line":14,"column":53}},"12":{"start":{"line":17,"column":6},"end":{"line":17,"column":29}},"13":{"start":{"line":19,"column":4},"end":{"line":19,"column":27}},"14":{"start":{"line":20,"column":4},"end":{"line":20,"column":25}}},"branchMap":{"1":{"line":8,"type":"if","locations":[{"start":{"line":8,"column":4},"end":{"line":8,"column":4}},{"start":{"line":8,"column":4},"end":{"line":8,"column":4}}]},"2":{"line":12,"type":"if","locations":[{"start":{"line":12,"column":4},"end":{"line":12,"column":4}},{"start":{"line":12,"column":4},"end":{"line":12,"column":4}}]},"3":{"line":13,"type":"if","locations":[{"start":{"line":13,"column":6},"end":{"line":13,"column":6}},{"start":{"line":13,"column":6},"end":{"line":13,"column":6}}]}}},"/Users/jim/dev/state/s.js":{"path":"/Users/jim/dev/state/s.js","s":{"1":1,"2":1,"3":6},"b":{},"f":{"1":6},"fnMap":{"1":{"name":"s","line":3,"loc":{"start":{"line":3,"column":17},"end":{"line":3,"column":41}}}},"statementMap":{"1":{"start":{"line":2,"column":0},"end":{"line":2,"column":25}},"2":{"start":{"line":3,"column":0},"end":{"line":5,"column":1}},"3":{"start":{"line":4,"column":2},"end":{"line":4,"column":30}}},"branchMap":{}},"/Users/jim/dev/state/lib/index.js":{"path":"/Users/jim/dev/state/lib/index.js","s":{"1":1,"2":1},"b":{},"f":{},"fnMap":{},"statementMap":{"1":{"start":{"line":2,"column":0},"end":{"line":2,"column":45}},"2":{"start":{"line":4,"column":0},"end":{"line":8,"column":14}}},"branchMap":{}},"/Users/jim/dev/state/lib/inject.js":{"path":"/Users/jim/dev/state/lib/inject.js","s":{"1":1,"2":1,"3":73,"4":73,"5":86,"6":86,"7":22,"8":22,"9":22,"10":86},"b":{"1":[159,131],"2":[22,64]},"f":{"1":73,"2":22},"fnMap":{"1":{"name":"(anonymous_1)","line":13,"loc":{"start":{"line":13,"column":13},"end":{"line":13,"column":26}}},"2":{"name":"(anonymous_2)","line":19,"loc":{"start":{"line":19,"column":29},"end":{"line":19,"column":41}}}},"statementMap":{"1":{"start":{"line":2,"column":0},"end":{"line":2,"column":36}},"2":{"start":{"line":4,"column":0},"end":{"line":28,"column":1}},"3":{"start":{"line":14,"column":8},"end":{"line":14,"column":25}},"4":{"start":{"line":15,"column":8},"end":{"line":24,"column":9}},"5":{"start":{"line":16,"column":10},"end":{"line":16,"column":32}},"6":{"start":{"line":17,"column":10},"end":{"line":22,"column":11}},"7":{"start":{"line":18,"column":12},"end":{"line":18,"column":26}},"8":{"start":{"line":19,"column":12},"end":{"line":21,"column":14}},"9":{"start":{"line":20,"column":14},"end":{"line":20,"column":48}},"10":{"start":{"line":23,"column":10},"end":{"line":23,"column":35}}},"branchMap":{"1":{"line":15,"type":"binary-expr","locations":[{"start":{"line":15,"column":15},"end":{"line":15,"column":21}},{"start":{"line":15,"column":25},"end":{"line":15,"column":49}}]},"2":{"line":17,"type":"if","locations":[{"start":{"line":17,"column":10},"end":{"line":17,"column":10}},{"start":{"line":17,"column":10},"end":{"line":17,"column":10}}]}}}}